[    0.000000] Linux version 4.15.0-163-generic (buildd@lcy01-amd64-021) (gcc version 7.5.0 (Ubuntu 7.5.0-3ubuntu1~18.04)) #171-Ubuntu SMP Fri Nov 5 11:55:11 UTC 2021 (Ubuntu 4.15.0-163.171-generic 4.15.18)
[    0.000000] Command line: BOOT_IMAGE=/boot/vmlinuz-4.15.0-163-generic root=LABEL=cloudimg-rootfs ro console=tty1 console=ttyS0
[    0.000000] KERNEL supported cpus:
[    0.000000]   Intel GenuineIntel
[    0.000000]   AMD AuthenticAMD
[    0.000000]   Centaur CentaurHauls
[    0.000000] x86/fpu: Supporting XSAVE feature 0x001: 'x87 floating point registers'
[    0.000000] x86/fpu: Supporting XSAVE feature 0x002: 'SSE registers'
[    0.000000] x86/fpu: Supporting XSAVE feature 0x004: 'AVX registers'
[    0.000000] x86/fpu: xstate_offset[2]:  576, xstate_sizes[2]:  256
[    0.000000] x86/fpu: Enabled xstate features 0x7, context size is 832 bytes, using 'standard' format.
[    0.000000] e820: BIOS-provided physical RAM map:
[    0.000000] BIOS-e820: [mem 0x0000000000000000-0x000000000009fbff] usable
[    0.000000] BIOS-e820: [mem 0x000000000009fc00-0x000000000009ffff] reserved
[    0.000000] BIOS-e820: [mem 0x00000000000f0000-0x00000000000fffff] reserved
[    0.000000] BIOS-e820: [mem 0x0000000000100000-0x000000003ffeffff] usable
[    0.000000] BIOS-e820: [mem 0x000000003fff0000-0x000000003fffffff] ACPI data
[    0.000000] BIOS-e820: [mem 0x00000000fec00000-0x00000000fec00fff] reserved
[    0.000000] BIOS-e820: [mem 0x00000000fee00000-0x00000000fee00fff] reserved
[    0.000000] BIOS-e820: [mem 0x00000000fffc0000-0x00000000ffffffff] reserved
[    0.000000] NX (Execute Disable) protection: active
[    0.000000] SMBIOS 2.5 present.
[    0.000000] DMI: innotek GmbH VirtualBox/VirtualBox, BIOS VirtualBox 12/01/2006
[    0.000000] Hypervisor detected: KVM
[    0.000000] e820: last_pfn = 0x3fff0 max_arch_pfn = 0x400000000
[    0.000000] MTRR: Disabled
[    0.000000] x86/PAT: MTRRs disabled, skipping PAT initialization too.
[    0.000000] CPU MTRRs all blank - virtualized system.
[    0.000000] x86/PAT: Configuration [0-7]: WB  WT  UC- UC  WB  WT  UC- UC  
[    0.000000] found SMP MP-table at [mem 0x0009fff0-0x0009ffff]
[    0.000000] Scanning 1 areas for low memory corruption
[    0.000000] RAMDISK: [mem 0x359cd000-0x36cddfff]
[    0.000000] ACPI: Early table checksum verification disabled
[    0.000000] ACPI: RSDP 0x00000000000E0000 000024 (v02 VBOX  )
[    0.000000] ACPI: XSDT 0x000000003FFF0030 00003C (v01 VBOX   VBOXXSDT 00000001 ASL  00000061)
[    0.000000] ACPI: FACP 0x000000003FFF00F0 0000F4 (v04 VBOX   VBOXFACP 00000001 ASL  00000061)
[    0.000000] ACPI: DSDT 0x000000003FFF0470 002325 (v02 VBOX   VBOXBIOS 00000002 INTL 20190509)
[    0.000000] ACPI: FACS 0x000000003FFF0200 000040
[    0.000000] ACPI: FACS 0x000000003FFF0200 000040
[    0.000000] ACPI: APIC 0x000000003FFF0240 000054 (v02 VBOX   VBOXAPIC 00000001 ASL  00000061)
[    0.000000] ACPI: SSDT 0x000000003FFF02A0 0001CC (v01 VBOX   VBOXCPUT 00000002 INTL 20190509)
[    0.000000] ACPI: Reserving FACP table memory at [mem 0x3fff00f0-0x3fff01e3]
[    0.000000] ACPI: Reserving DSDT table memory at [mem 0x3fff0470-0x3fff2794]
[    0.000000] ACPI: Reserving FACS table memory at [mem 0x3fff0200-0x3fff023f]
[    0.000000] ACPI: Reserving FACS table memory at [mem 0x3fff0200-0x3fff023f]
[    0.000000] ACPI: Reserving APIC table memory at [mem 0x3fff0240-0x3fff0293]
[    0.000000] ACPI: Reserving SSDT table memory at [mem 0x3fff02a0-0x3fff046b]
[    0.000000] No NUMA configuration found
[    0.000000] Faking a node at [mem 0x0000000000000000-0x000000003ffeffff]
[    0.000000] NODE_DATA(0) allocated [mem 0x3ffc5000-0x3ffeffff]
[    0.000000] kvm-clock: cpu 0, msr 0:3ff44001, primary cpu clock
[    0.000000] kvm-clock: Using msrs 4b564d01 and 4b564d00
[    0.000000] kvm-clock: using sched offset of 4082281961 cycles
[    0.000000] clocksource: kvm-clock: mask: 0xffffffffffffffff max_cycles: 0x1cd42e4dffb, max_idle_ns: 881590591483 ns
[    0.000000] Zone ranges:
[    0.000000]   DMA      [mem 0x0000000000001000-0x0000000000ffffff]
[    0.000000]   DMA32    [mem 0x0000000001000000-0x000000003ffeffff]
[    0.000000]   Normal   empty
[    0.000000]   Device   empty
[    0.000000] Movable zone start for each node
[    0.000000] Early memory node ranges
[    0.000000]   node   0: [mem 0x0000000000001000-0x000000000009efff]
[    0.000000]   node   0: [mem 0x0000000000100000-0x000000003ffeffff]
[    0.000000] Reserved but unavailable: 104 pages
[    0.000000] Initmem setup node 0 [mem 0x0000000000001000-0x000000003ffeffff]
[    0.000000] ACPI: PM-Timer IO Port: 0x4008
[    0.000000] IOAPIC[0]: apic_id 1, version 32, address 0xfec00000, GSI 0-23
[    0.000000] ACPI: INT_SRC_OVR (bus 0 bus_irq 0 global_irq 2 dfl dfl)
[    0.000000] ACPI: INT_SRC_OVR (bus 0 bus_irq 9 global_irq 9 low level)
[    0.000000] Using ACPI (MADT) for SMP configuration information
[    0.000000] smpboot: Allowing 1 CPUs, 0 hotplug CPUs
[    0.000000] PM: Registered nosave memory: [mem 0x00000000-0x00000fff]
[    0.000000] PM: Registered nosave memory: [mem 0x0009f000-0x0009ffff]
[    0.000000] PM: Registered nosave memory: [mem 0x000a0000-0x000effff]
[    0.000000] PM: Registered nosave memory: [mem 0x000f0000-0x000fffff]
[    0.000000] e820: [mem 0x40000000-0xfebfffff] available for PCI devices
[    0.000000] Booting paravirtualized kernel on KVM
[    0.000000] clocksource: refined-jiffies: mask: 0xffffffff max_cycles: 0xffffffff, max_idle_ns: 7645519600211568 ns
[    0.000000] random: get_random_bytes called from start_kernel+0x99/0x500 with crng_init=0
[    0.000000] setup_percpu: NR_CPUS:8192 nr_cpumask_bits:1 nr_cpu_ids:1 nr_node_ids:1
[    0.000000] percpu: Embedded 45 pages/cpu s147456 r8192 d28672 u2097152
[    0.000000] PV qspinlock hash table entries: 256 (order: 0, 4096 bytes)
[    0.000000] Built 1 zonelists, mobility grouping on.  Total pages: 257913
[    0.000000] Policy zone: DMA32
[    0.000000] Kernel command line: BOOT_IMAGE=/boot/vmlinuz-4.15.0-163-generic root=LABEL=cloudimg-rootfs ro console=tty1 console=ttyS0
[    0.000000] Memory: 982892K/1048120K available (12300K kernel code, 2483K rwdata, 4320K rodata, 2448K init, 2724K bss, 65228K reserved, 0K cma-reserved)
[    0.000000] SLUB: HWalign=64, Order=0-3, MinObjects=0, CPUs=1, Nodes=1
[    0.000000] Kernel/User page tables isolation: enabled
[    0.000000] ftrace: allocating 39476 entries in 155 pages
[    0.004000] Hierarchical RCU implementation.
[    0.004000] 	RCU restricting CPUs from NR_CPUS=8192 to nr_cpu_ids=1.
[    0.004000] 	Tasks RCU enabled.
[    0.004000] RCU: Adjusting geometry for rcu_fanout_leaf=16, nr_cpu_ids=1
[    0.004000] NR_IRQS: 524544, nr_irqs: 256, preallocated irqs: 16
[    0.004000] Console: colour VGA+ 80x25
[    0.004000] console [tty1] enabled
[    0.004000] console [ttyS0] enabled
[    0.004000] ACPI: Core revision 20170831
[    0.004000] ACPI: 2 ACPI AML tables successfully acquired and loaded
[    0.004000] APIC: Switch to symmetric I/O mode setup
[    0.004000] x2apic enabled
[    0.004000] Switched APIC routing to physical x2apic.
[    0.004951] ..TIMER: vector=0x30 apic1=0 pin1=2 apic2=-1 pin2=-1
[    0.008002] tsc: Detected 1800.000 MHz processor
[    0.010006] Calibrating delay loop (skipped) preset value.. 3600.00 BogoMIPS (lpj=7200000)
[    0.012002] pid_max: default: 32768 minimum: 301
[    0.016028] Security Framework initialized
[    0.017773] Yama: becoming mindful.
[    0.019291] AppArmor: AppArmor initialized
[    0.020687] Dentry cache hash table entries: 131072 (order: 8, 1048576 bytes)
[    0.024066] Inode-cache hash table entries: 65536 (order: 7, 524288 bytes)
[    0.028013] Mount-cache hash table entries: 2048 (order: 2, 16384 bytes)
[    0.030774] Mountpoint-cache hash table entries: 2048 (order: 2, 16384 bytes)
[    0.032227] process: using mwait in idle threads
[    0.036006] Last level iTLB entries: 4KB 64, 2MB 8, 4MB 8
[    0.038348] Last level dTLB entries: 4KB 64, 2MB 0, 4MB 0, 1GB 4
[    0.040004] Spectre V1 : Mitigation: usercopy/swapgs barriers and __user pointer sanitization
[    0.044002] Spectre V2 : Mitigation: Full generic retpoline
[    0.046376] Spectre V2 : Spectre v2 / SpectreRSB mitigation: Filling RSB on context switch
[    0.048002] Speculative Store Bypass: Vulnerable
[    0.052042] SRBDS: Unknown: Dependent on hypervisor status
[    0.054501] MDS: Mitigation: Clear CPU buffers
[    0.068721] Freeing SMP alternatives memory: 36K
[    0.181061] smpboot: CPU0: Intel(R) Core(TM) i5-8265U CPU @ 1.60GHz (family: 0x6, model: 0x8e, stepping: 0xc)
[    0.184049] Performance Events: unsupported p6 CPU model 142 no PMU driver, software events only.
[    0.187975] Hierarchical SRCU implementation.
[    0.188506] NMI watchdog: Perf event create on CPU 0 failed with -2
[    0.192001] NMI watchdog: Perf NMI watchdog permanently disabled
[    0.194539] smp: Bringing up secondary CPUs ...
[    0.196002] smp: Brought up 1 node, 1 CPU
[    0.197696] smpboot: Max logical packages: 1
[    0.200002] smpboot: Total of 1 processors activated (3600.00 BogoMIPS)
[    0.202901] devtmpfs: initialized
[    0.204045] x86/mm: Memory block size: 128MB
[    0.205897] evm: security.selinux
[    0.208003] evm: security.SMACK64
[    0.209388] evm: security.SMACK64EXEC
[    0.210781] evm: security.SMACK64TRANSMUTE
[    0.212002] evm: security.SMACK64MMAP
[    0.213698] evm: security.apparmor
[    0.216001] evm: security.ima
[    0.217469] evm: security.capability
[    0.220046] clocksource: jiffies: mask: 0xffffffff max_cycles: 0xffffffff, max_idle_ns: 7645041785100000 ns
[    0.224007] futex hash table entries: 256 (order: 2, 16384 bytes)
[    0.228030] pinctrl core: initialized pinctrl subsystem
[    0.230631] RTC time: 19:56:43, date: 12/17/21
[    0.232068] NET: Registered protocol family 16
[    0.234047] audit: initializing netlink subsys (disabled)
[    0.236097] cpuidle: using governor ladder
[    0.237830] cpuidle: using governor menu
[    0.240005] audit: type=2000 audit(1639771008.823:1): state=initialized audit_enabled=0 res=1
[    0.244027] ACPI: bus type PCI registered
[    0.245766] acpiphp: ACPI Hot Plug PCI Controller Driver version: 0.5
[    0.248071] PCI: Using configuration type 1 for base access
[    0.251208] HugeTLB registered 2.00 MiB page size, pre-allocated 0 pages
[    0.252830] ACPI: Added _OSI(Module Device)
[    0.256006] ACPI: Added _OSI(Processor Device)
[    0.258329] ACPI: Added _OSI(3.0 _SCP Extensions)
[    0.260003] ACPI: Added _OSI(Processor Aggregator Device)
[    0.264008] ACPI: Added _OSI(Linux-Dell-Video)
[    0.265905] ACPI: Added _OSI(Linux-Lenovo-NV-HDMI-Audio)
[    0.268014] ACPI: Added _OSI(Linux-HPI-Hybrid-Graphics)
[    0.270754] ACPI: Executed 1 blocks of module-level executable AML code
[    0.276928] ACPI: Interpreter enabled
[    0.278551] ACPI: (supports S0 S5)
[    0.280002] ACPI: Using IOAPIC for interrupt routing
[    0.282340] PCI: Using host bridge windows from ACPI; if necessary, use "pci=nocrs" and report a bug
[    0.284119] ACPI: Enabled 2 GPEs in block 00 to 07
[    0.293668] ACPI: PCI Root Bridge [PCI0] (domain 0000 [bus 00-ff])
[    0.296006] acpi PNP0A03:00: _OSC: OS supports [ASPM ClockPM Segments MSI]
[    0.299046] acpi PNP0A03:00: _OSC: not requesting OS control; OS requires [ExtendedConfig ASPM ClockPM MSI]
[    0.300009] acpi PNP0A03:00: fail to add MMCONFIG information, can't access extended PCI configuration space under this bridge.
[    0.304286] PCI host bridge to bus 0000:00
[    0.308003] pci_bus 0000:00: root bus resource [io  0x0000-0x0cf7 window]
[    0.310564] pci_bus 0000:00: root bus resource [io  0x0d00-0xffff window]
[    0.312003] pci_bus 0000:00: root bus resource [mem 0x000a0000-0x000bffff window]
[    0.316002] pci_bus 0000:00: root bus resource [mem 0x40000000-0xfdffffff window]
[    0.320003] pci_bus 0000:00: root bus resource [bus 00-ff]
[    0.325449] pci 0000:00:01.1: legacy IDE quirk: reg 0x10: [io  0x01f0-0x01f7]
[    0.328002] pci 0000:00:01.1: legacy IDE quirk: reg 0x14: [io  0x03f6]
[    0.332002] pci 0000:00:01.1: legacy IDE quirk: reg 0x18: [io  0x0170-0x0177]
[    0.334829] pci 0000:00:01.1: legacy IDE quirk: reg 0x1c: [io  0x0376]
[    0.349033] pci 0000:00:07.0: quirk: [io  0x4000-0x403f] claimed by PIIX4 ACPI
[    0.352014] pci 0000:00:07.0: quirk: [io  0x4100-0x410f] claimed by PIIX4 SMB
[    0.362626] ACPI: PCI Interrupt Link [LNKA] (IRQs 5 9 10 *11)
[    0.364245] ACPI: PCI Interrupt Link [LNKB] (IRQs 5 9 *10 11)
[    0.368074] ACPI: PCI Interrupt Link [LNKC] (IRQs 5 *9 10 11)
[    0.371476] ACPI: PCI Interrupt Link [LNKD] (IRQs 5 9 10 *11)
[    0.372310] SCSI subsystem initialized
[    0.376098] pci 0000:00:02.0: vgaarb: setting as boot VGA device
[    0.378614] pci 0000:00:02.0: vgaarb: VGA device added: decodes=io+mem,owns=io+mem,locks=none
[    0.380004] pci 0000:00:02.0: vgaarb: bridge control possible
[    0.384002] vgaarb: loaded
[    0.385212] ACPI: bus type USB registered
[    0.388019] usbcore: registered new interface driver usbfs
[    0.392009] usbcore: registered new interface driver hub
[    0.394459] usbcore: registered new device driver usb
[    0.396045] EDAC MC: Ver: 3.0.0
[    0.397950] PCI: Using ACPI for IRQ routing
[    0.400216] NetLabel: Initializing
[    0.402242] NetLabel:  domain hash size = 128
[    0.404001] NetLabel:  protocols = UNLABELED CIPSOv4 CALIPSO
[    0.408000] NetLabel:  unlabeled traffic allowed by default
[    0.408087] clocksource: Switched to clocksource kvm-clock
[    0.420074] VFS: Disk quotas dquot_6.6.0
[    0.422536] VFS: Dquot-cache hash table entries: 512 (order 0, 4096 bytes)
[    0.426048] AppArmor: AppArmor Filesystem Enabled
[    0.428871] pnp: PnP ACPI init
[    0.431220] pnp: PnP ACPI: found 3 devices
[    0.438312] clocksource: acpi_pm: mask: 0xffffff max_cycles: 0xffffff, max_idle_ns: 2085701024 ns
[    0.443850] NET: Registered protocol family 2
[    0.445765] IP idents hash table entries: 16384 (order: 5, 131072 bytes)
[    0.450057] TCP established hash table entries: 8192 (order: 4, 65536 bytes)
[    0.452925] TCP bind hash table entries: 8192 (order: 5, 131072 bytes)
[    0.456597] TCP: Hash tables configured (established 8192 bind 8192)
[    0.459530] UDP hash table entries: 512 (order: 2, 16384 bytes)
[    0.462140] UDP-Lite hash table entries: 512 (order: 2, 16384 bytes)
[    0.464744] NET: Registered protocol family 1
[    0.466798] pci 0000:00:00.0: Limiting direct PCI/PCI transfers
[    0.469383] pci 0000:00:01.0: Activating ISA DMA hang workarounds
[    0.473028] pci 0000:00:02.0: Video device with shadowed ROM at [mem 0x000c0000-0x000dffff]
[    0.476560] Unpacking initramfs...
[    0.746469] Freeing initrd memory: 19524K
[    0.752518] clocksource: tsc: mask: 0xffffffffffffffff max_cycles: 0x19f2297dd97, max_idle_ns: 440795236593 ns
[    0.756944] platform rtc_cmos: registered platform RTC device (no PNP device found)
[    0.760271] Scanning for low memory corruption every 60 seconds
[    0.763482] Initialise system trusted keyrings
[    0.765522] Key type blacklist registered
[    0.767520] workingset: timestamp_bits=36 max_order=18 bucket_order=0
[    0.771290] zbud: loaded
[    0.773039] squashfs: version 4.0 (2009/01/31) Phillip Lougher
[    0.775564] fuse init (API version 7.26)
[    0.777859] Key type asymmetric registered
[    0.779680] Asymmetric key parser 'x509' registered
[    0.781919] Block layer SCSI generic (bsg) driver version 0.4 loaded (major 246)
[    0.785081] io scheduler noop registered
[    0.786978] io scheduler deadline registered
[    0.788889] io scheduler cfq registered (default)
[    0.791098] ACPI: AC Adapter [AC] (on-line)
[    0.792902] input: Power Button as /devices/LNXSYSTM:00/LNXPWRBN:00/input/input0
[    0.796170] ACPI: Power Button [PWRF]
[    0.797874] input: Sleep Button as /devices/LNXSYSTM:00/LNXSLPBN:00/input/input1
[    0.801043] ACPI: Sleep Button [SLPF]
[    0.803426] ACPI: Battery Slot [BAT0] (battery present)
[    0.806864] Serial: 8250/16550 driver, 32 ports, IRQ sharing enabled
[    0.830171] 00:02: ttyS0 at I/O 0x3f8 (irq = 4, base_baud = 115200) is a 16550A
[    0.834680] Linux agpgart interface v0.103
[    0.837544] loop: module loaded
[    0.840250] scsi host0: ata_piix
[    0.841693] scsi host1: ata_piix
[    0.842922] ata1: PATA max UDMA/33 cmd 0x1f0 ctl 0x3f6 bmdma 0xd000 irq 14
[    0.845405] ata2: PATA max UDMA/33 cmd 0x170 ctl 0x376 bmdma 0xd008 irq 15
[    0.848300] libphy: Fixed MDIO Bus: probed
[    0.850112] tun: Universal TUN/TAP device driver, 1.6
[    0.852670] PPP generic driver version 2.4.2
[    0.854741] ehci_hcd: USB 2.0 'Enhanced' Host Controller (EHCI) Driver
[    0.857378] ehci-pci: EHCI PCI platform driver
[    0.859301] ehci-platform: EHCI generic platform driver
[    0.861496] ohci_hcd: USB 1.1 'Open' Host Controller (OHCI) Driver
[    0.864126] ohci-pci: OHCI PCI platform driver
[    0.866097] ohci-platform: OHCI generic platform driver
[    0.868791] uhci_hcd: USB Universal Host Controller Interface driver
[    0.871810] i8042: PNP: PS/2 Controller [PNP0303:PS2K,PNP0f03:PS2M] at 0x60,0x64 irq 1,12
[    0.876395] serio: i8042 KBD port at 0x60,0x64 irq 1
[    0.878474] serio: i8042 AUX port at 0x60,0x64 irq 12
[    0.880602] mousedev: PS/2 mouse device common for all mice
[    0.883132] input: AT Translated Set 2 keyboard as /devices/platform/i8042/serio0/input/input2
[    0.887685] rtc_cmos rtc_cmos: rtc core: registered rtc_cmos as rtc0
[    0.890425] rtc_cmos rtc_cmos: alarms up to one day, 114 bytes nvram
[    0.893889] i2c /dev entries driver
[    0.895347] device-mapper: uevent: version 1.0.3
[    0.897358] device-mapper: ioctl: 4.37.0-ioctl (2017-09-20) initialised: dm-devel@redhat.com
[    0.901214] ledtrig-cpu: registered to indicate activity on CPUs
[    0.903618] intel_pmc_core:  initialized
[    0.905675] NET: Registered protocol family 10
[    0.910422] Segment Routing with IPv6
[    0.912009] NET: Registered protocol family 17
[    0.914078] Key type dns_resolver registered
[    0.915962] mce: Using 0 MCE banks
[    0.918319] RAS: Correctable Errors collector initialized.
[    0.920705] sched_clock: Marking stable (920648808, 0)->(1214912953, -294264145)
[    0.924099] registered taskstats version 1
[    0.926104] Loading compiled-in X.509 certificates
[    0.929922] Loaded X.509 cert 'Build time autogenerated kernel key: f60a4c8d126e94dbf36c5faa43fb49029eeea9a9'
[    0.934669] Loaded X.509 cert 'Canonical Ltd. Live Patch Signing: 14df34d1a87cf37625abec039ef2bf521249b969'
[    0.939361] Loaded X.509 cert 'Canonical Ltd. Kernel Module Signing: 88f752e560a1e0737e31163a466ad7b70a850c19'
[    0.943623] zswap: loaded using pool lzo/zbud
[    0.947710] Key type big_key registered
[    0.949345] Key type trusted registered
[    0.952195] Key type encrypted registered
[    0.954048] AppArmor: AppArmor sha1 policy hashing enabled
[    0.956468] ima: No TPM chip found, activating TPM-bypass! (rc=-19)
[    0.959133] ima: Allocated hash algorithm: sha1
[    0.961068] evm: HMAC attrs: 0x1
[    0.962807]   Magic number: 1:223:951
[    0.965164] tty tty8: hash matches
[    0.966700] memory memory4: hash matches
[    0.968285] rtc_cmos rtc_cmos: setting system clock to 2021-12-17 19:56:44 UTC (1639771004)
[    0.971828] BIOS EDD facility v0.16 2004-Jun-25, 0 devices found
[    0.974623] EDD information not available.
[    1.034067] Freeing unused kernel image memory: 2448K
[    1.044120] Write protecting the kernel read-only data: 20480k
[    1.046803] Freeing unused kernel image memory: 2008K
[    1.048975] Freeing unused kernel image memory: 1824K
[    1.058224] x86/mm: Checked W+X mappings: passed, no W+X pages found.
[    1.061755] x86/mm: Checking user space page tables
[    1.070795] x86/mm: Checked W+X mappings: passed, no W+X pages found.
Loading, please wait...
starting version 237
[    1.158319] e1000: Intel(R) PRO/1000 Network Driver - version 7.3.21-k8-NAPI
[    1.161782] e1000: Copyright (c) 1999-2006 Intel Corporation.
[    1.167874] Fusion MPT base driver 3.04.20
[    1.169796] Copyright (c) 1999-2008 LSI Corporation
[    1.186295] Fusion MPT SPI Host driver 3.04.20
[    1.208378] AVX2 version of gcm_enc/dec engaged.
[    1.210585] AES CTR mode by8 optimization enabled
[    1.223630] mptbase: ioc0: Initiating bringup
[    1.324344] ioc0: LSI53C1030 A0: Capabilities={Initiator}
[    1.386276] input: ImExPS/2 Generic Explorer Mouse as /devices/platform/i8042/serio1/input/input4
[    1.569694] scsi host2: ioc0: LSI53C1030 A0, FwRev=00000000h, Ports=1, MaxQ=256, IRQ=20
[    1.744557] scsi 2:0:0:0: Direct-Access     VBOX     HARDDISK         1.0  PQ: 0 ANSI: 5
[    1.749555] scsi target2:0:0: Beginning Domain Validation
[    1.753645] random: fast init done
[    1.755724] scsi target2:0:0: Domain Validation skipping write tests
[    1.758326] scsi target2:0:0: Ending Domain Validation
[    1.760951] scsi target2:0:0: asynchronous
[    1.763467] scsi 2:0:1:0: Direct-Access     VBOX     HARDDISK         1.0  PQ: 0 ANSI: 5
[    1.766888] scsi target2:0:1: Beginning Domain Validation
[    1.771568] scsi target2:0:1: Domain Validation skipping write tests
[    1.774362] scsi target2:0:1: Ending Domain Validation
[    1.776646] scsi target2:0:1: asynchronous
[    1.784158] random: systemd-udevd: uninitialized urandom read (16 bytes read)
[    1.787174] random: systemd-udevd: uninitialized urandom read (16 bytes read)
[    1.790482] sd 2:0:0:0: Attached scsi generic sg0 type 0
[    1.792889] sd 2:0:0:0: [sda] 83886080 512-byte logical blocks: (42.9 GB/40.0 GiB)
[    1.796633] sd 2:0:1:0: Attached scsi generic sg1 type 0
[    1.803239] sd 2:0:1:0: [sdb] 20480 512-byte logical blocks: (10.5 MB/10.0 MiB)
[    1.806444] sd 2:0:0:0: [sda] Write Protect is off
[    1.814010] random: systemd-udevd: uninitialized urandom read (16 bytes read)
[    1.817206] sd 2:0:1:0: [sdb] Write Protect is off
[    1.819392] sd 2:0:0:0: [sda] Incomplete mode parameter data
[    1.821848] sd 2:0:0:0: [sda] Assuming drive cache: write through
[    1.828830] sd 2:0:1:0: [sdb] Incomplete mode parameter data
[    1.831268] sd 2:0:1:0: [sdb] Assuming drive cache: write through
[    1.839491]  sda: sda1
[    1.846764] sd 2:0:0:0: [sda] Attached SCSI disk
[    1.878970] sd 2:0:1:0: [sdb] Attached SCSI disk
[    2.179223] e1000 0000:00:03.0 eth0: (PCI:33MHz:32-bit) 02:77:80:ca:b7:e6
[    2.184142] e1000 0000:00:03.0 eth0: Intel(R) PRO/1000 Network Connection
[    2.556038] e1000 0000:00:08.0 eth1: (PCI:33MHz:32-bit) 08:00:27:9c:10:f7
[    2.559320] e1000 0000:00:08.0 eth1: Intel(R) PRO/1000 Network Connection
[    2.563143] e1000 0000:00:08.0 enp0s8: renamed from eth1
[    2.566336] e1000 0000:00:03.0 enp0s3: renamed from eth0
Begin: Loading essential drivers ... [    3.998418] raid6: sse2x1   gen() 13481 MB/s
[    4.069441] raid6: sse2x1   xor()  8615 MB/s
[    4.135755] raid6: sse2x2   gen() 16745 MB/s
[    4.202959] raid6: sse2x2   xor() 10831 MB/s
[    4.269934] raid6: sse2x4   gen() 17852 MB/s
[    4.337404] raid6: sse2x4   xor()  9953 MB/s
[    4.403081] raid6: avx2x1   gen() 23974 MB/s
[    4.468777] raid6: avx2x1   xor() 14287 MB/s
[    4.535070] raid6: avx2x2   gen() 30881 MB/s
[    4.601380] raid6: avx2x2   xor() 20441 MB/s
[    4.669797] raid6: avx2x4   gen() 39217 MB/s
[    4.736132] raid6: avx2x4   xor() 20964 MB/s
[    4.738159] raid6: using algorithm avx2x4 gen() 39217 MB/s
[    4.740362] raid6: .... xor() 20964 MB/s, rmw enabled
[    4.742756] raid6: using avx2x2 recovery algorithm
[    4.746190] xor: automatically using best checksumming function   avx       
[    4.750958] async_tx: api initialized (async)
done.
Begin: Running /scripts/init-premount ... done.
Begin: Mounting root file system ... Begin: Running /scripts/local-top ... done.
Begin: Running /scripts/local-premount ... [    4.799743] Btrfs loaded, crc32c=crc32c-intel
Scanning for Btrfs filesystems
done.
Warning: fsck not present, so skipping root file system
[    4.935534] EXT4-fs (sda1): mounted filesystem with ordered data mode. Opts: (null)
done.
Begin: Running /scripts/local-bottom ... done.
Begin: Running /scripts/init-bottom ... done.
[    5.966511] ip_tables: (C) 2000-2006 Netfilter Core Team
[    6.013589] systemd[1]: systemd 237 running in system mode. (+PAM +AUDIT +SELINUX +IMA +APPARMOR +SMACK +SYSVINIT +UTMP +LIBCRYPTSETUP +GCRYPT +GNUTLS +ACL +XZ +LZ4 +SECCOMP +BLKID +ELFUTILS +KMOD -IDN2 +IDN -PCRE2 default-hierarchy=hybrid)
[    6.024017] systemd[1]: Detected virtualization oracle.
[    6.026570] systemd[1]: Detected architecture x86-64.

Welcome to [1mUbuntu 18.04.6 LTS[0m!

[    6.063184] systemd[1]: Set hostname to <ubuntu>.
[    6.095714] systemd[1]: Initializing machine ID from random generator.
[    6.099022] systemd[1]: Installed transient /etc/machine-id file.
[    6.638941] random: crng init done
[    6.642422] random: 7 urandom warning(s) missed due to ratelimiting
[    7.356680] systemd[1]: Started Forward Password Requests to Wall Directory Watch.
[[0;32m  OK  [0m] Started Forward Password Requests to Wall Directory Watch.
[    7.363808] systemd[1]: Reached target Swap.
[[0;32m  OK  [0m] Reached target Swap.
[    7.367449] systemd[1]: Reached target User and Group Name Lookups.
[[0;32m  OK  [0m] Reached target User and Group Name Lookups.
[    7.380905] systemd[1]: Set up automount Arbitrary Executable File Formats File System Automount Point.
[[0;32m  OK  [0m] Set up automount Arbitrary Executab…rmats File System Automount Point.
[[0;32m  OK  [0m] Reached target System Time Synchronized.
[[0;32m  OK  [0m] Created slice User and Session Slice.
[[0;32m  OK  [0m] Created slice System Slice.
[[0;32m  OK  [0m] Listening on LVM2 metadata daemon socket.
[[0;32m  OK  [0m] Listening on Journal Socket (/dev/log).
[[0;32m  OK  [0m] Listening on fsck to fsckd communication Socket.
[[0;32m  OK  [0m] Listening on Journal Socket.
         Starting Load Kernel Modules...
         Mounting Kernel Debug File System...
[[0;32m  OK  [0m] Listening on Network Service Netlink Socket.
[[0;32m  OK  [0m] Reached target Slices.
[[0;32m  OK  [0m] Created slice system-serial\x2dgetty.slice.
[[0;32m  OK  [0m] Listening on udev Kernel Socket.
[[0;32m  OK  [0m] Listening on Journal Audit Socket.
         Mounting POSIX Message Queue File System...
[[0;32m  OK  [0m] Listening on Device-mapper event daemon FIFOs.
[    7.458624] Loading iSCSI transport class v2.0-870.
         Starting Monitoring of LVM2 mirrors…ng dmeventd or progress polling...
         Starting Uncomplicated firewall...
[[0;32m  OK  [0m] Listening on Syslog Socket.
         Starting Journal Service...
[    7.677281] iscsi: registered transport (tcp)
[    7.733215] iscsi: registered transport (iser)
         Starting File System Check on Root Device...
         Starting Create list of required st…ce nodes for the current kernel...
         Mounting Huge Pages File System...
         Starting Set the console keyboard layout...
[[0;32m  OK  [0m] Listening on udev Control Socket.
         Starting udev Coldplug all Devices...
[[0;32m  OK  [0m] Listening on /dev/initctl Compatibility Named Pipe.
[[0;32m  OK  [0m] Listening on LVM2 poll daemon socket.
[[0;32m  OK  [0m] Started Journal Service.
[[0;32m  OK  [0m] Started Load Kernel Modules.
[[0;32m  OK  [0m] Mounted Kernel Debug File System.
[[0;32m  OK  [0m] Mounted POSIX Message Queue File System.
[[0;32m  OK  [0m] Started Uncomplicated firewall.
[[0;32m  OK  [0m] Started Create list of required sta…vice nodes for the current kernel.
[[0;32m  OK  [0m] Mounted Huge Pages File System.
[[0;32m  OK  [0m] Started File System Check Daemon to report status.
[[0;32m  OK  [0m] Started LVM2 metadata daemon.
         Starting Create Static Device Nodes in /dev...
         Mounting FUSE Control File System...
         Mounting Kernel Configuration File System...
         Starting Apply Kernel Variables...
[[0;32m  OK  [0m] Mounted FUSE Control File System.
[[0;32m  OK  [0m] Mounted Kernel Configuration File System.
[[0;32m  OK  [0m] Started udev Coldplug all Devices.
[[0;32m  OK  [0m] Started Set the console keyboard layout.
[[0;32m  OK  [0m] Started File System Check on Root Device.
         Starting Remount Root and Kernel File Systems...
[[0;32m  OK  [0m] Started Create Static Device Nodes in /dev.
[[0;32m  OK  [0m] Started Apply Kernel Variables.
[[0;32m  OK  [0m] Started Monitoring of LVM2 mirrors,…sing dmeventd or progress polling.
[[0;32m  OK  [0m] Started Remount Root and Kernel File Systems.
         Starting Load/Save Random Seed...
         Starting udev Kernel Device Manager...
         Starting Flush Journal to Persistent Storage...
[[0;32m  OK  [0m] Reached target Local File Systems (Pre).
[[0;32m  OK  [0m] Reached target Local File Systems.
         Starting Commit a transient machine-id on disk...
         Starting Tell Plymouth To Write Out Runtime Data...
         Starting ebtables ruleset management...
         Starting AppArmor initialization...
         Starting Set console font and keymap...
[[0;32m  OK  [0m] Started Load/Save Random Seed.
[[0;32m  OK  [0m] Started udev Kernel Device Manager.
[[0;32m  OK  [0m] Started Dispatch Password Requests to Console Directory Watch.
[[0;32m  OK  [0m] Reached target Local Encrypted Volumes.
[[0;32m  OK  [0m] Started Tell Plymouth To Write Out Runtime Data.
[[0;32m  OK  [0m] Started Set console font and keymap.
[[0;32m  OK  [0m] Started Commit a transient machine-id on disk.
[[0;32m  OK  [0m] Started Flush Journal to Persistent Storage.
         Starting Create Volatile Files and Directories...
[[0;32m  OK  [0m] Started Create Volatile Files and Directories.
         Starting Update UTMP about System Boot/Shutdown...
[[0;32m  OK  [0m] Started Update UTMP about System Boot/Shutdown.
[[0;32m  OK  [0m] Started ebtables ruleset management.
[[0;32m  OK  [0m] Found device /dev/ttyS0.
[[0;32m  OK  [0m] Listening on Load/Save RF Kill Switch Status /dev/rfkill Watch.
[[0;32m  OK  [0m] Started AppArmor initialization.
         Starting Initial cloud-init job (pre-networking)...
         Starting Load AppArmor profiles managed internally by snapd...
[[0;32m  OK  [0m] Started Load AppArmor profiles managed internally by snapd.
[   15.323293] cloud-init[554]: Cloud-init v. 21.4-0ubuntu1~18.04.1 running 'init-local' at Fri, 17 Dec 2021 19:56:58 +0000. Up 14.67 seconds.
[[0;32m  OK  [0m] Started Initial cloud-init job (pre-networking).
[[0;32m  OK  [0m] Reached target Network (Pre).
         Starting Network Service...
[[0;32m  OK  [0m] Started Network Service.
         Starting Wait for Network to be Configured...
         Starting Network Name Resolution...
[[0;32m  OK  [0m] Started Network Name Resolution.
[[0;32m  OK  [0m] Reached target Host and Network Name Lookups.
[[0;32m  OK  [0m] Reached target Network.
[[0;32m  OK  [0m] Started Wait for Network to be Configured.
         Starting Initial cloud-init job (metadata service crawler)...
[   18.006132] cloud-init[692]: Cloud-init v. 21.4-0ubuntu1~18.04.1 running 'init' at Fri, 17 Dec 2021 19:57:01 +0000. Up 17.90 seconds.
[   18.006969] cloud-init[692]: ci-info: ++++++++++++++++++++++++++++++++++++++Net device info+++++++++++++++++++++++++++++++++++++++
[   18.016187] cloud-init[692]: ci-info: +--------+-------+----------------------------+---------------+--------+-------------------+
[   18.028455] cloud-init[692]: ci-info: | Device |   Up  |          Address           |      Mask     | Scope  |     Hw-Address    |
[   18.040090] cloud-init[692]: ci-info: +--------+-------+----------------------------+---------------+--------+-------------------+
[   18.052215] cloud-init[692]: ci-info: | enp0s3 |  True |         10.0.2.15          | 255.255.255.0 | global | 02:77:80:ca:b7:e6 |
[   18.064234] cloud-init[692]: ci-info: | enp0s3 |  True | fe80::77:80ff:feca:b7e6/64 |       .       |  link  | 02:77:80:ca:b7:e6 |
[   18.076226] cloud-init[692]: ci-info: | enp0s8 | False |             .              |       .       |   .    | 08:00:27:9c:10:f7 |
[   18.088469] cloud-init[692]: ci-info: |   lo   |  True |         127.0.0.1          |   255.0.0.0   |  host  |         .         |
[   18.102187] cloud-init[692]: ci-info: |   lo   |  True |          ::1/128           |       .       |  host  |         .         |
[   18.125001] cloud-init[692]: ci-info: +--------+-------+----------------------------+---------------+--------+-------------------+
[   18.127785] cloud-init[692]: ci-info: ++++++++++++++++++++++++++++Route IPv4 info+++++++++++++++++++++++++++++
[   18.131694] cloud-init[692]: ci-info: +-------+-------------+----------+-----------------+-----------+-------+
[   18.135794] cloud-init[692]: ci-info: | Route | Destination | Gateway  |     Genmask     | Interface | Flags |
[   18.137334] cloud-init[692]: ci-info: +-------+-------------+----------+-----------------+-----------+-------+
[   18.148263] cloud-init[692]: ci-info: |   0   |   0.0.0.0   | 10.0.2.2 |     0.0.0.0     |   enp0s3  |   UG  |
[   18.160436] cloud-init[692]: ci-info: |   1   |   10.0.2.0  | 0.0.0.0  |  255.255.255.0  |   enp0s3  |   U   |
[   18.172455] cloud-init[692]: ci-info: |   2   |   10.0.2.2  | 0.0.0.0  | 255.255.255.255 |   enp0s3  |   UH  |
[   18.175980] cloud-init[692]: ci-info: +-------+-------------+----------+-----------------+-----------+-------+
[   18.178862] cloud-init[692]: ci-info: +++++++++++++++++++Route IPv6 info+++++++++++++++++++
[   18.183245] cloud-init[692]: ci-info: +-------+-------------+---------+-----------+-------+
[   18.189369] cloud-init[692]: ci-info: | Route | Destination | Gateway | Interface | Flags |
[   18.191487] cloud-init[692]: ci-info: +-------+-------------+---------+-----------+-------+
[   18.193580] cloud-init[692]: ci-info: |   1   |  fe80::/64  |    ::   |   enp0s3  |   U   |
[   18.195199] cloud-init[692]: ci-info: |   3   |    local    |    ::   |   enp0s3  |   U   |
[   18.196558] cloud-init[692]: ci-info: |   4   |   ff00::/8  |    ::   |   enp0s3  |   U   |
[   18.197944] cloud-init[692]: ci-info: +-------+-------------+---------+-----------+-------+
[   19.814452] cloud-init[692]: Generating public/private rsa key pair.
[   19.832219] cloud-init[692]: Your identification has been saved in /etc/ssh/ssh_host_rsa_key.
[   19.851623] cloud-init[692]: Your public key has been saved in /etc/ssh/ssh_host_rsa_key.pub.
[[0;32m  OK  [0m] Started Initial cloud-init job (metadata service crawler).
[[0;32m  OK  [0m] Reached target System Initialization.
[   19.867226] cloud-init[692]: The key fingerprint is:
[   19.886534] cloud-init[[0;32m  OK  [0m] Started ACPI Events Check.
         Starting Socket activation for snappy daemon.
[[0;32m  OK  [0m] Listening on Open-iSCSI iscsid Socket.
[[0;32m  OK  [0m] Listening on D-Bus System Message Bus Socket.
[[0;32m  OK  [0m] Listening on ACPID Listen Socket.
[[0;32m  OK  [0m] Started Daily apt download activities.
[[0;32m  OK  [0m] Started Daily apt upgrade and clean activities.
[[0;32m  OK  [0m] Started Message of the Day.
[[0;32m  OK  [0m] Started Daily Cleanup of Temporary Directories.
[692]: SHA256:TEGWSzrNwb4wnp29WYb7ATuCeV/O/BG/WycCqoWA1J8 root@ubuntu-bionic
[   19.892958] cloud-init[692]: The key's randomart image is:
[[0;32m  OK  [0m] Started Trigger to poll for Ubuntu …(Only enabled on GCP LTS non-pro).
[   19.907104] cloud-init[692]: +---[RSA 2048]----+
[   19.908563] cloud-init[692]: |       o+.       |
[   19.910089] cloud-init[692]: |   .   .=.       |
         Starting LXD - unix socket.
[[0;32m  OK  [0m] Reached target Paths.
[[0;32m  OK  [0m] Listening on UUID daemon activation socket.
[[0;32m  OK  [0m] Started Discard unused blocks once a week.
[[0;32m  OK  [0m] Started Ubuntu Advantage Timer for running repeated jobs.
[[0;32m  OK  [0m] Reached target Timers.
[[0;32m  OK  [0m] Listening on cloud-init hotplug hook socket.
[[0;32m  OK  [0m] Reached target Cloud-config availability.
[[0;32m  OK  [0m] Reached target Network is Online.
[   19.910699] cloud-init[692]: |  . .  *.o       |
         Starting Availability of block devices...
[[0;32m  OK  [0m] Reached target Remote File Systems (Pre).
[[0;32m  OK  [0m] Reached target Remote File Systems.
[[0;32m  OK  [0m] Listening on Socket activation for snappy daemon.
[[0;32m  OK  [0m] Listening on LXD - unix socket.
[[0;32m  OK  [0m] Started Availability of block devices.
[[0;32m  OK  [0m] Reached target Sockets.
[[0;32m  OK  [0m] Reached target Basic System.
         Starting Virtualbox guest utils...
         Starting LXD - container startup/shutdown...
[[0;32m  OK  [0m] Started Deferred execution scheduler.
         Starting LSB: automatic crash report generation...
         Starting Permit User Sessions...
[   19.999549] cloud-init[692]: | . . .=+=        |
[[0;32m  OK  [0m] Started FUSE filesystem for LXC.
[   20.120687] cloud-init[692]: |  . ..E*S+o.  .  |
         [   20.144726] cloud-init[692]: |     .o++.o+o  o |
[   20.145038] cloud-init[692]: |      + = o*+ o +|
[   20.145288] cloud-init[692]: |       + o+* o o+|
[   20.145488] cloud-init[692]: |      .   ..=..o.|
[   20.145709] cloud-init[692]: +----[SHA256]-----+
[   20.145915] cloud-init[692]: Generating public/private dsa key pair.Starting Accounts Service...

[   20.156200] cloud-init[692]: Your identification has been saved in /etc/ssh/ssh_host_dsa_key.
[   20.168221] cloud-init[692]: Your public key has been saved in /etc/ssh/ssh_host_dsa_key.pub.
[   20.180237] cloud-init[692]: The key fingerprint is:
[   20.192179] cloud-init[692]: SHA256:WHb3oi19A5DubiNpfXJb9N6YoHKmNcRcvtNXMYcFO40 root@ubuntu-bionic
[   20.204203] cloud-init[692]: The key's randomart image is:
[   20.216207] cloud-init[692]: +---[DSA 1024]----+
[   20.228154] cloud-init[692]: |              ...|
[   20.240266] cloud-init[692]: |           .   * |
[   20.252190] cloud-init[692]: |        o + o Eoo|
[   20.264260] cloud-init[692]: |       + = = . .+|
[   20.276194] cloud-init[692]: |      . S = + o .|
[   20.288517] cloud-init[692]: |         o + * ..|
[   20.300161] cloud-init[692]: |         o* * = o|
[   20.312179] cloud-init[692]: |        =oB+o= *.|
[   20.324300] cloud-init[692]: |       ..Bo=..o o|
[   20.326945] cloud-init[692]: +----[SHA256]-----+
[   20.327435] cloud-init[692]: Generating public/private ecdsa key pair.
[   20.336309] cloud-init[692]: Your identification has been saved in /etc/ssh/ssh_host_ecdsa_key.
[   20.348718] cloud-init[692]: Your public key has been saved in /etc/ssh/ssh_host_ecdsa_key.pub.
[   20.350828] cloud-init[692]: The key fingerprint is:
[   20.360365] cloud-init[692]: SHA256:rwRLFs0ejvxKqnk6OEj/E09m6g7bH9xtClobbqRfLc8 root@ubuntu-bionic
[   20.372276] cloud-init[692]: The key's randomart image is:
[   20.372662] cloud-init[692]: +---[ECDSA 256]---+
[   20.384331] cloud-init[692]: |                 |
[   20.396236] cloud-init[692]: |       o         |
[   20.396658] cloud-init[692]: |      . +        |
[   20.408339] cloud-init[692]: |     . = .       |
[   20.420275] cloud-init[692]: |      * S        |
[   20.432241] cloud-init[692]: | .   +.O..o      |
[   20.444240] cloud-init[692]: |o...  %*o+.+     |
[   20.456206] cloud-init[692]: |+ .o=*+=*.*      |
[   20.468268] cloud-init[692]: | .+*=**=.. E     |
         [   20.493491] cloud-init[692]: +----[SHA256]-----+
[   20.493723] cloud-init[692]: Generating public/private ed25519 key pair.
[   20.494069] cloud-init[692]: Your identification has been saved in /etc/ssh/ssh_host_ed25519_key.
[   20.494446] cloud-init[692]: Your public key has been saved in /etc/ssh/ssh_host_ed25519_key.pub.
[   20.494801] cloud-init[692]: The key fingerprint is:
[   20.495057] cloud-init[692]: SHA256:+npyv1/zrJixzteETmL+Wnuj716yZaCwg6F1TqtRxUA root@ubuntu-bionic
[   20.495397] cloud-init[692]: The key's randomart image is:
[   20.495643] cloud-init[692]: +--[ED25519 256]--+
[   20.495852] cloud-init[692]: |         .E      |
Starting Snap Daemon...
[   20.496248] cloud-init[692]: |           o     |
[   20.520233] cloud-init[692]: |            o    |
[   20.532598] cloud-init[692]: |           .     |
[   20.544257] cloud-init[692]: |        S =   .. |
[   20.544640] cloud-init[692]: |       + B +o.o..|
[   20.544977] cloud-init[692]: |      o o =oo+=o+|
[   20.556275] cloud-init[692]: |      ..oo o.Bo@+|
[   20.556947] cloud-init[692]: |      .=o.o+O=X*+|
[   20.568188] cloud-init[692]: +----[SHA256]-----+
         Starting Dispatcher daemon for systemd-networkd...
[[0;32m  OK  [0m] Started D-Bus System Message Bus.
         Starting Login Service...
         Starting LSB: Record successful boot for GRUB...
         Starting Pollinate to seed the pseudo random number generator...
[[0;32m  OK  [0m] Started Regular background program processing daemon.
         Starting System Logging Service...
[[0;32m  OK  [0m] Started irqbalance daemon.
[[0;32m  OK  [0m] Started Permit User Sessions.
[[0;32m  OK  [0m] Started Login Service.
         Starting Authorization Manager...
[[0;32m  OK  [0m] Started Unattended Upgrades Shutdown.
         Starting Terminate Plymouth Boot Screen...
         Starting Hold until boot process finishes up...
[[0;32m  OK  [0m] Started Hold until boot process finishes up.
[[0;32m  OK  [0m] Started Terminate Plymouth Boot Screen.
[[0;32m  OK  [0m] Started Serial Getty on ttyS0.
         Starting Set console scheme...
[[0;32m  OK  [0m] Started Set console scheme.
[[0;32m  OK  [0m] Started LSB: automatic crash report generation.
[[0;32m  OK  [0m] Created slice system-getty.slice.
[[0;32m  OK  [0m] Started Getty on tty1.
[[0;32m  OK  [0m] Reached target Login Prompts.
[[0;32m  OK  [0m] Started Dispatcher daemon for systemd-networkd.
[[0;32m  OK  [0m] Started Authorization Manager.
[[0;32m  OK  [0m] Started Accounts Service.
[[0;32m  OK  [0m] Started LSB: Record successful boot for GRUB.
[[0;32m  OK  [0m] Started System Logging Service.
[[0;32m  OK  [0m] Started Virtualbox guest utils.
[[0;32m  OK  [0m] Started LXD - container startup/shutdown.
[[0;32m  OK  [0m] Started Snap Daemon.
         Starting Wait until snapd is fully seeded...
[[0;32m  OK  [0m] Started Pollinate to seed the pseudo random number generator.
         Starting OpenBSD Secure Shell server...
[[0;32m  OK  [0m] Started OpenBSD Secure Shell server.
[[0;32m  OK  [0m] Created slice User Slice of vagrant.
         Starting User Manager for UID 1000...
[[0;32m  OK  [0m] Started Session 1 of user vagrant.
[[0;32m  OK  [0m] Started User Manager for UID 1000.

Ubuntu 18.04.6 LTS ubuntu-bionic ttyS0

ubuntu-bionic login: [   41.819558] cloud-init[2023]: Cloud-init v. 21.4-0ubuntu1~18.04.1 running 'modules:config' at Fri, 17 Dec 2021 19:57:24 +0000. Up 40.52 seconds.
ci-info: no authorized SSH keys fingerprints found for user ubuntu.
<14>Dec 17 19:57:26 cloud-init: #############################################################
<14>Dec 17 19:57:26 cloud-init: -----BEGIN SSH HOST KEY FINGERPRINTS-----
<14>Dec 17 19:57:26 cloud-init: 1024 SHA256:WHb3oi19A5DubiNpfXJb9N6YoHKmNcRcvtNXMYcFO40 root@ubuntu-bionic (DSA)
<14>Dec 17 19:57:26 cloud-init: 256 SHA256:rwRLFs0ejvxKqnk6OEj/E09m6g7bH9xtClobbqRfLc8 root@ubuntu-bionic (ECDSA)
<14>Dec 17 19:57:26 cloud-init: 256 SHA256:+npyv1/zrJixzteETmL+Wnuj716yZaCwg6F1TqtRxUA root@ubuntu-bionic (ED25519)
<14>Dec 17 19:57:26 cloud-init: 2048 SHA256:TEGWSzrNwb4wnp29WYb7ATuCeV/O/BG/WycCqoWA1J8 root@ubuntu-bionic (RSA)
<14>Dec 17 19:57:26 cloud-init: -----END SSH HOST KEY FINGERPRINTS-----
<14>Dec 17 19:57:26 cloud-init: #############################################################
-----BEGIN SSH HOST KEY KEYS-----
ecdsa-sha2-nistp256 AAAAE2VjZHNhLXNoYTItbmlzdHAyNTYAAAAIbmlzdHAyNTYAAABBBLe5yyQt8hd/zOtVbAUT1KPOhiYoRHpMk6OvCj9TRsVpsqQoo6e1s8i6ZhqVRFnZ+1n22ES0GaOVV+fNgUkwm/k= root@ubuntu-bionic
ssh-ed25519 AAAAC3NzaC1lZDI1NTE5AAAAIO6SVYpyxiZHsnIJr3jr200bnn7cD+ZelZS3nEHzK/7/ root@ubuntu-bionic
ssh-rsa AAAAB3NzaC1yc2EAAAADAQABAAABAQC/7rElVVadw6MTbbFncGfH+RMS5mLegYNZtTQumX70c8E3ZYrV7ULglsnWK+zoMhyh8b8Qdv472QPBv9+DaaryBzA4zKntWFkjlom7G3Bnl/LR1hJhAhN92TYTaV4sPa+uLJbcA3STsYEkgBQaO3OK7CWvot5UQH5HBog+8SHVj6ltXGpmzg/gNPJ34oAniJoJttiJmy/lzpgKFGgAnaIeYtr3X9Z4qfjPhJe8VSsqJnWnKTwS76B8sRT3edsIUPBaDg0G57bzvv/1M5sfN64WqfYuqchdLIG2Z27bebF5/zjK+nVyLKgluB/Q6l+bWjuWkY6BBW7FQa34rYALAWJT root@ubuntu-bionic
-----END SSH HOST KEY KEYS-----
[   42.770985] cloud-init[2073]: Cloud-init v. 21.4-0ubuntu1~18.04.1 running 'modules:final' at Fri, 17 Dec 2021 19:57:25 +0000. Up 42.20 seconds.
[   42.771517] cloud-init[2073]: ci-info: no authorized SSH keys fingerprints found for user ubuntu.
[   42.771627] cloud-init[2073]: Cloud-init v. 21.4-0ubuntu1~18.04.1 finished at Fri, 17 Dec 2021 19:57:26 +0000. Datasource DataSourceNoCloud [seed=/dev/sdb][dsmode=net].  Up 42.76 seconds
